<?xml version="1.0" encoding="UTF-8"?>
<testsuite name="CocheTest" tests="2" skipped="0" failures="0" errors="0" timestamp="2020-10-29T19:57:19" hostname="DESKTOP-5OAA722" time="0.002">
  <properties/>
  <testcase name="conduceHastaDestino" classname="CocheTest" time="0.002"/>
  <testcase name="pruebaRepostaje" classname="CocheTest" time="0.0"/>
  <system-out><![CDATA[]]></system-out>
  <system-err><![CDATA[]]></system-err>
</testsuite>
